<?xml version="1.0" encoding="UTF-8"?>
<testng-results ignored="0" total="0" passed="0" failed="0" skipped="0">
  <reporter-output>
  </reporter-output>
  <suite started-at="2020-06-27T02:56:31Z" name="com.niu.jin.oop.constructor.SuperUsageTest" finished-at="2020-06-27T02:56:31Z" duration-ms="19">
    <groups>
    </groups>
    <test started-at="2020-06-27T02:56:31Z" name="Command line test" finished-at="2020-06-27T02:56:31Z" duration-ms="19">
      <class name="com.niu.jin.oop.constructor.SuperUsageTest">
        <test-method is-config="true" signature="beforeTest()[pri:0, instance:com.niu.jin.oop.constructor.SuperUsageTest@6c49835d]" started-at="2020-06-27T02:56:31Z" name="beforeTest" finished-at="2020-06-27T02:56:31Z" duration-ms="14" status="PASS">
          <reporter-output>
          </reporter-output>
        </test-method> <!-- beforeTest -->
      </class> <!-- com.niu.jin.oop.constructor.SuperUsageTest -->
    </test> <!-- Command line test -->
  </suite> <!-- com.niu.jin.oop.constructor.SuperUsageTest -->
</testng-results>
